{
  "RSpec": {
    "coverage": {
      "/home/codio/workspace/project/app.rb": {
        "lines": [
          1,
          1,
          1,
          1,
          null,
          null,
          1,
          null,
          null,
          1,
          1,
          null,
          null,
          1,
          null,
          null,
          1,
          1,
          1
        ]
      },
      "/home/codio/workspace/project/db/db.rb": {
        "lines": [
          1,
          1,
          null,
          null,
          null,
          1,
          null,
          null,
          1,
          1,
          null,
          null,
          1,
          1,
          null,
          null,
          1,
          null,
          null,
          1
        ]
      },
      "/home/codio/workspace/project/models/admin.rb": {
        "lines": [
          1,
          null,
          null,
          1,
          null,
          null,
          1,
          26,
          null,
          null,
          null,
          null,
          1,
          21,
          21,
          21,
          null,
          19,
          null,
          null,
          null,
          1,
          78,
          78,
          78,
          78,
          78,
          78,
          78,
          null,
          null,
          null,
          1,
          9,
          9,
          9,
          9,
          9,
          9,
          9,
          null,
          9,
          null,
          null,
          null,
          1,
          45,
          45,
          45,
          null,
          null,
          null,
          1,
          9,
          9,
          9,
          null,
          9,
          9,
          9,
          null,
          9,
          9,
          9,
          null,
          9,
          null,
          null,
          null,
          1,
          39,
          39,
          null,
          null,
          null
        ]
      },
      "/home/codio/workspace/project/models/mentee.rb": {
        "lines": [
          1,
          null,
          null,
          1,
          null,
          null,
          1,
          34,
          null,
          null,
          null,
          null,
          1,
          11,
          11,
          11,
          null,
          10,
          null,
          null,
          null,
          1,
          100,
          100,
          100,
          100,
          100,
          100,
          100,
          100,
          100,
          null,
          null,
          null,
          1,
          4,
          4,
          4,
          4,
          4,
          4,
          4,
          4,
          4,
          4,
          null,
          4,
          null,
          null,
          null,
          1,
          135,
          135,
          135,
          null,
          null,
          null,
          1,
          25,
          25,
          25,
          null,
          25,
          25,
          25,
          null,
          25,
          25,
          25,
          null,
          25,
          null,
          null,
          null,
          1,
          77,
          77,
          null,
          null,
          null,
          1,
          77,
          77,
          15,
          0,
          null,
          15,
          null,
          null,
          null,
          null,
          null
        ]
      },
      "/home/codio/workspace/project/models/mentor.rb": {
        "lines": [
          1,
          null,
          null,
          1,
          null,
          null,
          1,
          80,
          null,
          null,
          null,
          null,
          1,
          20,
          20,
          20,
          null,
          19,
          null,
          null,
          null,
          1,
          128,
          128,
          128,
          128,
          128,
          128,
          128,
          128,
          null,
          null,
          null,
          1,
          8,
          8,
          8,
          8,
          8,
          8,
          8,
          8,
          8,
          null,
          8,
          null,
          null,
          null,
          1,
          178,
          178,
          178,
          null,
          null,
          null,
          1,
          44,
          44,
          44,
          null,
          44,
          44,
          44,
          null,
          44,
          44,
          44,
          null,
          44,
          null,
          null,
          null,
          1,
          74,
          74,
          null,
          null,
          null,
          1,
          74,
          74,
          34,
          0,
          null,
          34,
          null,
          null,
          null,
          null,
          null
        ]
      },
      "/home/codio/workspace/project/models/requests.rb": {
        "lines": [
          1,
          1,
          null,
          1,
          null,
          1,
          1,
          1,
          null,
          null,
          null,
          1,
          1,
          null,
          1,
          1,
          0,
          null,
          1,
          null,
          null,
          null
        ]
      },
      "/home/codio/workspace/project/controllers/add.rb": {
        "lines": [
          1,
          null,
          null,
          null,
          1,
          23,
          23,
          null,
          null,
          1,
          22,
          22,
          22,
          null,
          22,
          21,
          4,
          null,
          17,
          null,
          17,
          null,
          null,
          null,
          null,
          null,
          null,
          null,
          17,
          null,
          null,
          5,
          null,
          null,
          null,
          1,
          0,
          null,
          null,
          null,
          0,
          null,
          null,
          null,
          null,
          1,
          37,
          37,
          null,
          null,
          1,
          37,
          37,
          37,
          null,
          37,
          36,
          7,
          null,
          29,
          null,
          29,
          null,
          null,
          null,
          null,
          null,
          null,
          null,
          29,
          null,
          null,
          8,
          null,
          null
        ]
      },
      "/home/codio/workspace/project/controllers/applications.rb": {
        "lines": [
          null,
          1,
          2,
          2,
          2,
          0,
          0,
          null,
          2,
          null,
          null,
          null,
          1,
          0,
          0,
          0,
          0,
          0,
          null,
          0,
          null,
          null,
          null,
          1,
          null,
          0,
          0,
          null,
          0,
          0,
          null,
          0,
          null,
          null,
          null,
          0,
          null,
          null,
          0,
          null,
          0,
          null,
          null,
          null,
          0,
          0,
          0,
          0,
          0,
          0,
          0,
          null,
          null,
          null,
          0,
          null,
          0,
          0,
          null,
          0,
          0,
          null,
          0,
          null,
          null,
          null,
          null,
          null,
          null,
          0,
          null,
          null,
          null,
          null,
          null,
          null,
          null,
          0,
          null,
          null,
          null,
          null,
          null,
          null,
          0,
          null,
          null,
          null,
          null,
          null,
          null,
          0,
          null,
          null,
          null,
          null,
          1,
          null,
          0,
          0,
          null,
          0,
          0,
          null,
          null,
          null,
          0,
          0,
          null,
          0,
          null,
          null,
          null,
          0,
          0,
          0,
          0,
          0,
          0,
          0,
          null,
          null,
          null,
          0,
          null,
          0,
          0,
          null,
          0,
          0,
          null,
          0,
          null,
          null,
          null,
          null,
          null,
          null,
          0,
          null,
          null,
          null,
          null,
          null,
          null,
          null,
          0,
          null,
          null,
          null,
          null,
          null,
          null,
          0,
          null,
          null,
          null,
          null,
          null,
          null,
          0,
          null,
          null,
          null,
          1,
          null,
          0,
          null,
          0,
          0,
          null,
          0,
          0,
          0,
          null,
          null,
          0,
          0,
          0,
          null,
          null,
          0,
          null,
          null,
          null,
          null,
          null,
          0,
          null,
          null,
          null,
          1,
          null,
          0,
          null,
          0,
          null,
          0,
          0,
          0,
          null,
          null,
          0,
          0,
          0,
          null,
          null,
          0,
          null,
          null,
          null,
          null,
          null,
          0,
          null,
          null,
          1,
          null,
          1,
          null,
          1,
          1,
          0,
          null,
          null,
          1,
          null,
          null,
          1,
          null,
          3,
          null,
          3,
          3,
          0,
          null,
          null,
          3,
          null,
          null,
          1,
          null,
          0,
          null,
          0,
          0,
          0,
          null,
          null,
          0,
          null,
          null,
          null,
          1,
          8,
          8,
          8,
          8,
          0,
          0,
          null,
          0,
          0,
          null,
          null,
          8,
          null,
          null,
          null,
          null,
          1,
          null,
          1,
          null,
          null,
          null,
          null,
          1,
          1,
          null,
          0,
          null,
          null,
          1,
          1,
          1,
          0,
          0,
          null,
          0,
          0,
          null,
          null,
          null,
          1,
          null,
          null,
          1,
          0,
          0,
          null,
          0,
          null,
          null,
          null,
          null,
          0,
          0,
          0,
          0,
          null,
          0,
          null,
          0,
          0,
          0,
          0,
          null,
          null,
          0,
          null,
          null,
          null,
          null,
          null,
          null,
          null,
          null,
          null
        ]
      },
      "/home/codio/workspace/project/controllers/delete.rb": {
        "lines": [
          1,
          null,
          null,
          1,
          1,
          1,
          null,
          null,
          null,
          1,
          1,
          1,
          1,
          null,
          1,
          null,
          null,
          null,
          null,
          1,
          0,
          null,
          0,
          null,
          null,
          null,
          null,
          0,
          0,
          0,
          null,
          1,
          1,
          0,
          null,
          0,
          null,
          null,
          null,
          null,
          null,
          null,
          null,
          0,
          0,
          null,
          0,
          null,
          null,
          null,
          null,
          0,
          0,
          0,
          null,
          0,
          null,
          null,
          null,
          null,
          1,
          1,
          1,
          null,
          null,
          null,
          1,
          1,
          1,
          1,
          0,
          null,
          null,
          null,
          null,
          null,
          null,
          null,
          0,
          0,
          null,
          0,
          null,
          null,
          null,
          null,
          0,
          0,
          0,
          null,
          0,
          1,
          1,
          null,
          null,
          null,
          null,
          null,
          null,
          1,
          0,
          null,
          0,
          null,
          null,
          null,
          null,
          0,
          0,
          0,
          null,
          1,
          1,
          null,
          null,
          null,
          null,
          null,
          1,
          0,
          null,
          null,
          0,
          0,
          0,
          null,
          null,
          null,
          null,
          0,
          0,
          null,
          null,
          null,
          null,
          1,
          0,
          null,
          null,
          null,
          0,
          null
        ]
      },
      "/home/codio/workspace/project/controllers/edit.rb": {
        "lines": [
          null,
          1,
          7,
          null,
          null,
          7,
          null,
          null,
          7,
          7,
          6,
          1,
          0,
          null,
          null,
          null,
          1,
          4,
          null,
          null,
          4,
          4,
          4,
          4,
          4,
          4,
          null,
          null,
          null,
          4,
          0,
          null,
          4,
          4,
          4,
          0,
          0,
          null,
          null,
          null,
          null,
          null,
          null,
          null,
          1,
          12,
          null,
          null,
          12,
          null,
          null,
          12,
          12,
          5,
          7,
          6,
          null,
          null,
          null,
          1,
          8,
          null,
          null,
          8,
          8,
          8,
          8,
          8,
          8,
          null,
          null,
          null,
          8,
          0,
          null,
          8,
          8,
          4,
          4,
          4,
          null,
          null,
          null,
          null,
          null,
          null,
          null,
          null,
          null,
          null,
          null,
          null,
          null,
          null,
          1,
          0,
          null,
          null,
          0,
          null,
          null,
          0,
          0,
          0,
          0,
          0,
          null,
          null,
          null,
          1,
          0,
          null,
          null,
          0,
          0,
          0,
          0,
          0,
          0,
          null,
          null,
          null,
          0,
          0,
          null,
          0,
          0,
          0,
          0,
          0,
          null,
          null,
          null,
          null,
          null,
          null,
          null,
          1,
          0,
          null,
          null,
          0,
          null,
          null,
          0,
          0,
          0,
          0,
          0,
          null,
          null,
          null,
          1,
          0,
          null,
          null,
          0,
          0,
          0,
          0,
          0,
          0,
          null,
          null,
          null,
          0,
          0,
          null,
          0,
          0,
          0,
          0,
          0,
          null,
          null,
          null,
          null,
          null,
          null,
          null,
          null,
          null,
          null,
          null,
          null,
          null,
          null,
          null,
          null,
          1,
          12,
          null,
          null,
          12,
          null,
          null,
          12,
          12,
          null,
          null,
          1,
          9,
          null,
          null,
          9,
          9,
          9,
          9,
          9,
          9,
          null,
          null,
          null,
          9,
          0,
          null,
          9,
          9,
          9,
          null,
          null,
          null,
          null,
          null,
          null
        ]
      },
      "/home/codio/workspace/project/controllers/last_visited.rb": {
        "lines": [
          1,
          null,
          1,
          null,
          null,
          0,
          0,
          null,
          null,
          0,
          null,
          null,
          0,
          null,
          null,
          0,
          null,
          null,
          null,
          null,
          0,
          null,
          null,
          null,
          0,
          0,
          0,
          0,
          null,
          0,
          null,
          null,
          0,
          null,
          null,
          null,
          0,
          null,
          null,
          null,
          1,
          null,
          0,
          0,
          null,
          null,
          0,
          null,
          null,
          0,
          null,
          null,
          0,
          null,
          null,
          null,
          null,
          0,
          null,
          null,
          null,
          0,
          0,
          0,
          0,
          null,
          0,
          null,
          null,
          0,
          null,
          null,
          0,
          null
        ]
      },
      "/home/codio/workspace/project/controllers/login.rb": {
        "lines": [
          1,
          35,
          33,
          null,
          33,
          null,
          null,
          null,
          33,
          15,
          null,
          null,
          null,
          33,
          15,
          null,
          null,
          null,
          33,
          15,
          null,
          null,
          null,
          33,
          15,
          null,
          null,
          33,
          null,
          33,
          null,
          null,
          1,
          44,
          42,
          null,
          42,
          null,
          null,
          42,
          42,
          null,
          null,
          null,
          42,
          15,
          null,
          null,
          null,
          42,
          15,
          null,
          null,
          42,
          null,
          42,
          null,
          null,
          1,
          27,
          25,
          null,
          25,
          25,
          0,
          null,
          null,
          null,
          null,
          null,
          null,
          null,
          0,
          0,
          null,
          25,
          null,
          null,
          1,
          28,
          26,
          null,
          26,
          26,
          15,
          null,
          null,
          null,
          null,
          null,
          null,
          null,
          15,
          15,
          null,
          26,
          null,
          null,
          1,
          0,
          null,
          null,
          null,
          0,
          null,
          null,
          1,
          null,
          141,
          null,
          null,
          141,
          null,
          null,
          141,
          null,
          141,
          null,
          null,
          1,
          null,
          13,
          null,
          13,
          null,
          null,
          1,
          78,
          78,
          null,
          78,
          78,
          null,
          78,
          78,
          null,
          78,
          78,
          null,
          null,
          null,
          78,
          77,
          15,
          15,
          15,
          null,
          62,
          0,
          null,
          62,
          null,
          null,
          null,
          1,
          null,
          null,
          null,
          null,
          63,
          62,
          23,
          23,
          23,
          null,
          39,
          0,
          null,
          39,
          null,
          null,
          null,
          1,
          null,
          null,
          null,
          null,
          40,
          39,
          33,
          33,
          33,
          null,
          null,
          1,
          null,
          null,
          7,
          7,
          null,
          null,
          null,
          null,
          1,
          13,
          13,
          null,
          13,
          13,
          null,
          null,
          null,
          13,
          12,
          11,
          11,
          11,
          null,
          1,
          0,
          null,
          1,
          null,
          null,
          null,
          1,
          null,
          null,
          2,
          2,
          null,
          null,
          null,
          1,
          5,
          5,
          null,
          null,
          1,
          33,
          null
        ]
      },
      "/home/codio/workspace/project/controllers/mainPages.rb": {
        "lines": [
          1,
          19,
          null,
          null,
          null,
          19,
          0,
          0,
          0,
          null,
          0,
          null,
          0,
          0,
          0,
          0,
          null,
          null,
          19,
          null,
          null,
          19,
          null,
          null,
          1,
          25,
          null,
          null,
          25,
          6,
          4,
          1,
          null,
          3,
          null,
          2,
          1,
          1,
          1,
          null,
          null,
          19,
          null,
          null,
          25,
          null,
          null,
          1,
          9,
          null,
          null,
          null,
          9,
          5,
          3,
          1,
          null,
          2,
          null,
          2,
          1,
          1,
          1,
          null,
          null,
          4,
          null,
          null,
          9,
          null,
          null,
          1,
          11,
          null,
          null,
          1,
          0,
          null,
          null,
          1,
          0,
          null,
          null,
          1,
          0,
          null,
          null,
          1,
          0,
          null,
          null,
          1,
          0,
          0,
          null,
          null,
          1,
          0,
          0,
          null,
          null,
          null,
          1,
          0,
          0,
          null,
          null,
          1,
          0,
          0,
          null,
          null,
          null,
          1,
          0,
          0,
          null,
          null,
          1,
          0,
          0,
          null
        ]
      },
      "/home/codio/workspace/project/controllers/search.rb": {
        "lines": [
          1,
          null,
          10,
          null,
          null,
          null,
          10,
          10,
          null,
          null,
          null,
          null,
          10,
          7,
          null,
          3,
          null,
          null,
          10,
          null,
          null,
          1,
          1,
          1,
          1,
          null,
          null,
          1,
          1,
          1,
          null,
          null,
          null,
          1,
          0,
          0,
          null,
          1,
          0,
          0,
          null,
          null,
          null,
          0,
          null,
          0,
          0,
          0,
          null,
          0,
          0,
          0,
          null,
          null,
          null,
          null,
          null,
          null,
          null,
          null,
          0,
          0,
          null,
          null,
          0,
          null,
          null,
          null,
          null,
          null,
          0,
          0,
          null,
          null,
          null,
          0,
          null,
          null,
          null,
          1,
          63,
          null,
          null,
          null,
          63,
          null,
          null,
          null,
          1,
          null,
          6,
          null,
          6,
          6,
          6,
          6,
          null,
          null,
          null,
          null,
          6,
          6,
          null,
          0,
          null,
          null,
          6,
          null,
          null,
          null,
          1,
          null,
          2,
          null,
          null,
          2,
          2,
          2,
          2,
          null,
          null,
          null,
          null,
          null,
          null,
          2,
          2,
          null,
          0,
          null,
          null,
          2,
          null,
          null,
          1,
          0,
          0,
          null,
          null,
          0,
          0,
          0,
          null,
          0,
          null,
          null,
          null,
          null,
          null,
          null,
          0,
          null,
          0,
          0,
          0,
          null,
          0,
          null,
          null,
          null,
          null,
          null,
          null,
          null,
          0,
          0,
          null,
          null,
          0,
          null,
          null,
          1,
          0,
          null,
          null,
          0,
          0,
          0,
          null,
          0,
          null,
          null,
          null,
          null,
          null,
          null,
          0,
          0,
          null,
          null,
          0,
          null,
          null,
          1,
          0,
          0,
          null,
          null,
          0,
          0,
          0,
          null,
          0,
          null,
          null,
          null,
          null,
          null,
          null,
          0,
          null,
          0,
          0,
          0,
          null,
          0,
          null,
          null,
          null,
          null,
          null,
          null,
          null,
          0,
          0,
          null,
          null,
          0,
          null,
          null,
          1,
          0,
          null,
          null,
          0,
          0,
          0,
          null,
          0,
          null,
          null,
          null,
          null,
          null,
          null,
          0,
          0,
          null,
          null,
          0,
          null,
          null,
          1,
          0,
          0,
          null,
          null,
          0,
          0,
          0,
          null,
          0,
          null,
          null,
          null,
          null,
          null,
          null,
          0,
          0,
          null,
          null,
          0,
          null,
          null,
          1,
          0,
          null,
          null,
          0,
          0,
          0,
          null,
          0,
          null,
          null,
          null,
          null,
          null,
          null,
          0,
          0,
          null,
          null,
          0,
          null,
          null,
          1,
          0,
          0,
          null,
          null,
          0,
          0,
          0,
          null,
          0,
          null,
          null,
          null,
          null,
          null,
          null,
          0,
          0,
          null,
          null,
          0,
          null,
          null,
          1,
          0,
          null,
          null,
          0,
          0,
          0,
          null,
          0,
          null,
          null,
          null,
          null,
          null,
          null,
          0,
          0,
          null,
          null,
          0,
          null
        ]
      },
      "/home/codio/workspace/project/helpers/validation.rb": {
        "lines": [
          null,
          null,
          null,
          null,
          1,
          1,
          52,
          52,
          null,
          null
        ]
      }
    },
    "timestamp": 1619193994
  }
}
